[0.173s] Invoking command in '/home/hashaam/Documents/software-start-here/build/challenge': CMAKE_PREFIX_PATH=${CMAKE_PREFIX_PATH}:/home/hashaam/Documents/triton/install/triton_teleop:/home/hashaam/Documents/triton/install/triton_pipeline:/home/hashaam/Documents/triton/install/triton_bringup:/opt/ros/foxy /usr/bin/cmake --build /home/hashaam/Documents/software-start-here/build/challenge -- -j16 -l16
[0.217s] [35m[1mScanning dependencies of target solution[0m
[0.242s] [ 50%] [32mBuilding CXX object CMakeFiles/solution.dir/src/solution.cpp.o[0m
[1.391s] [01m[K/home/hashaam/Documents/software-start-here/src/challenge/src/solution.cpp:[m[K In function ‘[01m[Kdouble sine_function(geometry_msgs::msg::Twist)[m[K’:
[1.391s] [01m[K/home/hashaam/Documents/software-start-here/src/challenge/src/solution.cpp:44:48:[m[K [01;35m[Kwarning: [m[Kparameter ‘[01m[Ktwist_msg[m[K’ set but not used [[01;35m[K-Wunused-but-set-parameter[m[K]
[1.391s]    44 | double sine_function([01;35m[Kgeometry_msgs::msg::Twist twist_msg[m[K)
[1.391s]       |                      [01;35m[K~~~~~~~~~~~~~~~~~~~~~~~~~~^~~~~~~~~[m[K
[3.023s] [100%] [32m[1mLinking CXX executable solution[0m
[3.183s] [100%] Built target solution
[3.194s] Invoked command in '/home/hashaam/Documents/software-start-here/build/challenge' returned '0': CMAKE_PREFIX_PATH=${CMAKE_PREFIX_PATH}:/home/hashaam/Documents/triton/install/triton_teleop:/home/hashaam/Documents/triton/install/triton_pipeline:/home/hashaam/Documents/triton/install/triton_bringup:/opt/ros/foxy /usr/bin/cmake --build /home/hashaam/Documents/software-start-here/build/challenge -- -j16 -l16
[3.230s] Invoking command in '/home/hashaam/Documents/software-start-here/build/challenge': CMAKE_PREFIX_PATH=${CMAKE_PREFIX_PATH}:/home/hashaam/Documents/triton/install/triton_teleop:/home/hashaam/Documents/triton/install/triton_pipeline:/home/hashaam/Documents/triton/install/triton_bringup:/opt/ros/foxy /usr/bin/cmake --install /home/hashaam/Documents/software-start-here/build/challenge
[3.238s] -- Install configuration: ""
[3.238s] -- Installing: /home/hashaam/Documents/software-start-here/install/challenge/lib/challenge/solution
[3.238s] -- Set runtime path of "/home/hashaam/Documents/software-start-here/install/challenge/lib/challenge/solution" to ""
[3.238s] -- Up-to-date: /home/hashaam/Documents/software-start-here/install/challenge/share/ament_index/resource_index/package_run_dependencies/challenge
[3.238s] -- Up-to-date: /home/hashaam/Documents/software-start-here/install/challenge/share/ament_index/resource_index/parent_prefix_path/challenge
[3.239s] -- Up-to-date: /home/hashaam/Documents/software-start-here/install/challenge/share/challenge/environment/ament_prefix_path.sh
[3.239s] -- Up-to-date: /home/hashaam/Documents/software-start-here/install/challenge/share/challenge/environment/ament_prefix_path.dsv
[3.239s] -- Up-to-date: /home/hashaam/Documents/software-start-here/install/challenge/share/challenge/environment/path.sh
[3.239s] -- Up-to-date: /home/hashaam/Documents/software-start-here/install/challenge/share/challenge/environment/path.dsv
[3.239s] -- Up-to-date: /home/hashaam/Documents/software-start-here/install/challenge/share/challenge/local_setup.bash
[3.239s] -- Up-to-date: /home/hashaam/Documents/software-start-here/install/challenge/share/challenge/local_setup.sh
[3.239s] -- Up-to-date: /home/hashaam/Documents/software-start-here/install/challenge/share/challenge/local_setup.zsh
[3.239s] -- Up-to-date: /home/hashaam/Documents/software-start-here/install/challenge/share/challenge/local_setup.dsv
[3.239s] -- Installing: /home/hashaam/Documents/software-start-here/install/challenge/share/challenge/package.dsv
[3.239s] -- Up-to-date: /home/hashaam/Documents/software-start-here/install/challenge/share/ament_index/resource_index/packages/challenge
[3.239s] -- Up-to-date: /home/hashaam/Documents/software-start-here/install/challenge/share/challenge/cmake/challengeConfig.cmake
[3.239s] -- Up-to-date: /home/hashaam/Documents/software-start-here/install/challenge/share/challenge/cmake/challengeConfig-version.cmake
[3.239s] -- Up-to-date: /home/hashaam/Documents/software-start-here/install/challenge/share/challenge/package.xml
[3.241s] Invoked command in '/home/hashaam/Documents/software-start-here/build/challenge' returned '0': CMAKE_PREFIX_PATH=${CMAKE_PREFIX_PATH}:/home/hashaam/Documents/triton/install/triton_teleop:/home/hashaam/Documents/triton/install/triton_pipeline:/home/hashaam/Documents/triton/install/triton_bringup:/opt/ros/foxy /usr/bin/cmake --install /home/hashaam/Documents/software-start-here/build/challenge
