[0.138s] Invoking command in '/home/hashaam/Documents/software-start-here/build/challenge': CMAKE_PREFIX_PATH=${CMAKE_PREFIX_PATH}:/home/hashaam/Documents/triton/install/triton_teleop:/home/hashaam/Documents/triton/install/triton_pipeline:/home/hashaam/Documents/triton/install/triton_bringup:/opt/ros/foxy /usr/bin/cmake --build /home/hashaam/Documents/software-start-here/build/challenge -- -j16 -l16
[0.198s] [35m[1mScanning dependencies of target solution[0m
[0.219s] [ 50%] [32mBuilding CXX object CMakeFiles/solution.dir/src/solution.cpp.o[0m
[2.230s] [100%] [32m[1mLinking CXX executable solution[0m
[2.332s] [100%] Built target solution
[2.345s] Invoked command in '/home/hashaam/Documents/software-start-here/build/challenge' returned '0': CMAKE_PREFIX_PATH=${CMAKE_PREFIX_PATH}:/home/hashaam/Documents/triton/install/triton_teleop:/home/hashaam/Documents/triton/install/triton_pipeline:/home/hashaam/Documents/triton/install/triton_bringup:/opt/ros/foxy /usr/bin/cmake --build /home/hashaam/Documents/software-start-here/build/challenge -- -j16 -l16
[2.388s] Invoking command in '/home/hashaam/Documents/software-start-here/build/challenge': CMAKE_PREFIX_PATH=${CMAKE_PREFIX_PATH}:/home/hashaam/Documents/triton/install/triton_teleop:/home/hashaam/Documents/triton/install/triton_pipeline:/home/hashaam/Documents/triton/install/triton_bringup:/opt/ros/foxy /usr/bin/cmake --install /home/hashaam/Documents/software-start-here/build/challenge
[2.401s] -- Install configuration: ""
[2.401s] -- Installing: /home/hashaam/Documents/software-start-here/install/challenge/lib/challenge/solution
[2.401s] -- Set runtime path of "/home/hashaam/Documents/software-start-here/install/challenge/lib/challenge/solution" to ""
[2.401s] -- Up-to-date: /home/hashaam/Documents/software-start-here/install/challenge/share/ament_index/resource_index/package_run_dependencies/challenge
[2.401s] -- Up-to-date: /home/hashaam/Documents/software-start-here/install/challenge/share/ament_index/resource_index/parent_prefix_path/challenge
[2.401s] -- Up-to-date: /home/hashaam/Documents/software-start-here/install/challenge/share/challenge/environment/ament_prefix_path.sh
[2.402s] -- Up-to-date: /home/hashaam/Documents/software-start-here/install/challenge/share/challenge/environment/ament_prefix_path.dsv
[2.402s] -- Up-to-date: /home/hashaam/Documents/software-start-here/install/challenge/share/challenge/environment/path.sh
[2.402s] -- Up-to-date: /home/hashaam/Documents/software-start-here/install/challenge/share/challenge/environment/path.dsv
[2.402s] -- Up-to-date: /home/hashaam/Documents/software-start-here/install/challenge/share/challenge/local_setup.bash
[2.402s] -- Up-to-date: /home/hashaam/Documents/software-start-here/install/challenge/share/challenge/local_setup.sh
[2.402s] -- Up-to-date: /home/hashaam/Documents/software-start-here/install/challenge/share/challenge/local_setup.zsh
[2.402s] -- Up-to-date: /home/hashaam/Documents/software-start-here/install/challenge/share/challenge/local_setup.dsv
[2.402s] -- Installing: /home/hashaam/Documents/software-start-here/install/challenge/share/challenge/package.dsv
[2.402s] -- Up-to-date: /home/hashaam/Documents/software-start-here/install/challenge/share/ament_index/resource_index/packages/challenge
[2.402s] -- Up-to-date: /home/hashaam/Documents/software-start-here/install/challenge/share/challenge/cmake/challengeConfig.cmake
[2.402s] -- Up-to-date: /home/hashaam/Documents/software-start-here/install/challenge/share/challenge/cmake/challengeConfig-version.cmake
[2.402s] -- Up-to-date: /home/hashaam/Documents/software-start-here/install/challenge/share/challenge/package.xml
[2.403s] Invoked command in '/home/hashaam/Documents/software-start-here/build/challenge' returned '0': CMAKE_PREFIX_PATH=${CMAKE_PREFIX_PATH}:/home/hashaam/Documents/triton/install/triton_teleop:/home/hashaam/Documents/triton/install/triton_pipeline:/home/hashaam/Documents/triton/install/triton_bringup:/opt/ros/foxy /usr/bin/cmake --install /home/hashaam/Documents/software-start-here/build/challenge
