[0.097s] Invoking command in '/home/hashaam/Documents/software-start-here/build/challenge': CMAKE_PREFIX_PATH=${CMAKE_PREFIX_PATH}:/home/hashaam/Documents/triton/install/triton_teleop:/home/hashaam/Documents/triton/install/triton_pipeline:/home/hashaam/Documents/triton/install/triton_bringup:/opt/ros/foxy /usr/bin/cmake /home/hashaam/Documents/software-start-here/src/challenge -DCMAKE_INSTALL_PREFIX=/home/hashaam/Documents/software-start-here/install/challenge
[0.168s] -- The C compiler identification is GNU 9.4.0
[0.228s] -- The CXX compiler identification is GNU 9.4.0
[0.232s] -- Check for working C compiler: /usr/bin/cc
[0.310s] -- Check for working C compiler: /usr/bin/cc -- works
[0.311s] -- Detecting C compiler ABI info
[0.401s] -- Detecting C compiler ABI info - done
[0.414s] -- Detecting C compile features
[0.414s] -- Detecting C compile features - done
[0.415s] -- Check for working CXX compiler: /usr/bin/c++
[0.512s] -- Check for working CXX compiler: /usr/bin/c++ -- works
[0.512s] -- Detecting CXX compiler ABI info
[0.604s] -- Detecting CXX compiler ABI info - done
[0.617s] -- Detecting CXX compile features
[0.617s] -- Detecting CXX compile features - done
[0.619s] -- Found ament_cmake: 0.9.12 (/opt/ros/foxy/share/ament_cmake/cmake)
[0.641s] -- Found PythonInterp: /usr/bin/python3 (found suitable version "3.8.10", minimum required is "3") 
[0.641s] -- Using PYTHON_EXECUTABLE: /usr/bin/python3
[0.767s] -- Found rclcpp: 2.4.3 (/opt/ros/foxy/share/rclcpp/cmake)
[0.796s] -- Using all available rosidl_typesupport_c: rosidl_typesupport_fastrtps_c;rosidl_typesupport_introspection_c
[0.800s] -- Found rosidl_adapter: 1.3.1 (/opt/ros/foxy/share/rosidl_adapter/cmake)
[0.856s] -- Found OpenSSL: /usr/lib/x86_64-linux-gnu/libcrypto.so (found version "1.1.1f")  
[0.874s] -- Found FastRTPS: /opt/ros/foxy/include  
[0.922s] -- Using all available rosidl_typesupport_cpp: rosidl_typesupport_fastrtps_cpp;rosidl_typesupport_introspection_cpp
[0.967s] -- Found rmw_implementation_cmake: 1.0.4 (/opt/ros/foxy/share/rmw_implementation_cmake/cmake)
[0.968s] -- Using RMW implementation 'rmw_fastrtps_cpp' as default
[0.969s] -- Looking for pthread.h
[1.042s] -- Looking for pthread.h - found
[1.043s] -- Performing Test CMAKE_HAVE_LIBC_PTHREAD
[1.120s] -- Performing Test CMAKE_HAVE_LIBC_PTHREAD - Failed
[1.121s] -- Looking for pthread_create in pthreads
[1.204s] -- Looking for pthread_create in pthreads - not found
[1.205s] -- Looking for pthread_create in pthread
[1.282s] -- Looking for pthread_create in pthread - found
[1.284s] -- Found Threads: TRUE  
[1.398s] -- Found turtlesim: 1.2.6 (/opt/ros/foxy/share/turtlesim/cmake)
[1.477s] -- Found ament_lint_auto: 0.9.8 (/opt/ros/foxy/share/ament_lint_auto/cmake)
[1.535s] -- Added test 'copyright' to check source files copyright and LICENSE
[1.535s] -- Added test 'cppcheck' to perform static code analysis on C / C++ code
[1.535s] -- Configured cppcheck include dirs: $<BUILD_INTERFACE:/home/hashaam/Documents/software-start-here/src/challenge/include>
[1.535s] -- Configured cppcheck exclude dirs and/or files: 
[1.535s] -- Added test 'cpplint' to check C / C++ code against the Google style
[1.535s] -- Configured cpplint exclude dirs and/or files: 
[1.536s] -- Added test 'lint_cmake' to check CMake code style
[1.536s] -- Added test 'uncrustify' to check C / C++ code style
[1.536s] -- Configured uncrustify additional arguments: 
[1.536s] -- Added test 'xmllint' to check XML markup files
[1.538s] -- Configuring done
[1.543s] -- Generating done
[1.544s] -- Build files have been written to: /home/hashaam/Documents/software-start-here/build/challenge
[1.549s] Invoked command in '/home/hashaam/Documents/software-start-here/build/challenge' returned '0': CMAKE_PREFIX_PATH=${CMAKE_PREFIX_PATH}:/home/hashaam/Documents/triton/install/triton_teleop:/home/hashaam/Documents/triton/install/triton_pipeline:/home/hashaam/Documents/triton/install/triton_bringup:/opt/ros/foxy /usr/bin/cmake /home/hashaam/Documents/software-start-here/src/challenge -DCMAKE_INSTALL_PREFIX=/home/hashaam/Documents/software-start-here/install/challenge
[1.552s] Invoking command in '/home/hashaam/Documents/software-start-here/build/challenge': CMAKE_PREFIX_PATH=${CMAKE_PREFIX_PATH}:/home/hashaam/Documents/triton/install/triton_teleop:/home/hashaam/Documents/triton/install/triton_pipeline:/home/hashaam/Documents/triton/install/triton_bringup:/opt/ros/foxy /usr/bin/cmake --build /home/hashaam/Documents/software-start-here/build/challenge -- -j16 -l16
[1.609s] [35m[1mScanning dependencies of target solution[0m
[1.630s] [ 50%] [32mBuilding CXX object CMakeFiles/solution.dir/src/solution.cpp.o[0m
[4.890s] [100%] [32m[1mLinking CXX executable solution[0m
[5.040s] /usr/bin/ld: CMakeFiles/solution.dir/src/solution.cpp.o: in function `rclcpp::Publisher<geometry_msgs::msg::Twist_<std::allocator<void> >, std::allocator<void> >::Publisher(rclcpp::node_interfaces::NodeBaseInterface*, std::__cxx11::basic_string<char, std::char_traits<char>, std::allocator<char> > const&, rclcpp::QoS const&, rclcpp::PublisherOptionsWithAllocator<std::allocator<void> > const&)':
[5.040s] solution.cpp:(.text._ZN6rclcpp9PublisherIN13geometry_msgs3msg6Twist_ISaIvEEES4_EC2EPNS_15node_interfaces17NodeBaseInterfaceERKNSt7__cxx1112basic_stringIcSt11char_traitsIcESaIcEEERKNS_3QoSERKNS_29PublisherOptionsWithAllocatorIS4_EE[_ZN6rclcpp9PublisherIN13geometry_msgs3msg6Twist_ISaIvEEES4_EC5EPNS_15node_interfaces17NodeBaseInterfaceERKNSt7__cxx1112basic_stringIcSt11char_traitsIcESaIcEEERKNS_3QoSERKNS_29PublisherOptionsWithAllocatorIS4_EE]+0x6e): undefined reference to `rosidl_message_type_support_t const* rosidl_typesupport_cpp::get_message_type_support_handle<geometry_msgs::msg::Twist_<std::allocator<void> > >()'
[5.040s] collect2: error: ld returned 1 exit status
[5.042s] make[2]: *** [CMakeFiles/solution.dir/build.make:146: solution] Error 1
[5.042s] make[1]: *** [CMakeFiles/Makefile2:78: CMakeFiles/solution.dir/all] Error 2
[5.042s] make: *** [Makefile:141: all] Error 2
[5.046s] Invoked command in '/home/hashaam/Documents/software-start-here/build/challenge' returned '2': CMAKE_PREFIX_PATH=${CMAKE_PREFIX_PATH}:/home/hashaam/Documents/triton/install/triton_teleop:/home/hashaam/Documents/triton/install/triton_pipeline:/home/hashaam/Documents/triton/install/triton_bringup:/opt/ros/foxy /usr/bin/cmake --build /home/hashaam/Documents/software-start-here/build/challenge -- -j16 -l16
