[0.226s] Invoking command in '/home/hashaam/Documents/software-start-here/build/challenge': CMAKE_PREFIX_PATH=${CMAKE_PREFIX_PATH}:/home/hashaam/Documents/triton/install/triton_teleop:/home/hashaam/Documents/triton/install/triton_pipeline:/home/hashaam/Documents/triton/install/triton_bringup:/opt/ros/foxy /usr/bin/cmake /home/hashaam/Documents/software-start-here/src/challenge -DCMAKE_INSTALL_PREFIX=/home/hashaam/Documents/software-start-here/install/challenge
[0.355s] -- The C compiler identification is GNU 9.4.0
[0.442s] -- The CXX compiler identification is GNU 9.4.0
[0.447s] -- Check for working C compiler: /usr/bin/cc
[0.519s] -- Check for working C compiler: /usr/bin/cc -- works
[0.522s] -- Detecting C compiler ABI info
[0.583s] -- Detecting C compiler ABI info - done
[0.590s] -- Detecting C compile features
[0.590s] -- Detecting C compile features - done
[0.592s] -- Check for working CXX compiler: /usr/bin/c++
[0.657s] -- Check for working CXX compiler: /usr/bin/c++ -- works
[0.659s] -- Detecting CXX compiler ABI info
[0.744s] -- Detecting CXX compiler ABI info - done
[0.756s] -- Detecting CXX compile features
[0.756s] -- Detecting CXX compile features - done
[0.758s] -- Found ament_cmake: 0.9.12 (/opt/ros/foxy/share/ament_cmake/cmake)
[0.783s] -- Found PythonInterp: /usr/bin/python3 (found suitable version "3.8.10", minimum required is "3") 
[0.783s] -- Using PYTHON_EXECUTABLE: /usr/bin/python3
[0.920s] -- Found ament_lint_auto: 0.9.8 (/opt/ros/foxy/share/ament_lint_auto/cmake)
[0.976s] -- Added test 'copyright' to check source files copyright and LICENSE
[0.978s] -- Added test 'lint_cmake' to check CMake code style
[0.979s] -- Added test 'xmllint' to check XML markup files
[0.980s] -- Configuring done
[0.981s] -- Generating done
[0.982s] -- Build files have been written to: /home/hashaam/Documents/software-start-here/build/challenge
[0.985s] Invoked command in '/home/hashaam/Documents/software-start-here/build/challenge' returned '0': CMAKE_PREFIX_PATH=${CMAKE_PREFIX_PATH}:/home/hashaam/Documents/triton/install/triton_teleop:/home/hashaam/Documents/triton/install/triton_pipeline:/home/hashaam/Documents/triton/install/triton_bringup:/opt/ros/foxy /usr/bin/cmake /home/hashaam/Documents/software-start-here/src/challenge -DCMAKE_INSTALL_PREFIX=/home/hashaam/Documents/software-start-here/install/challenge
[0.987s] Invoking command in '/home/hashaam/Documents/software-start-here/build/challenge': CMAKE_PREFIX_PATH=${CMAKE_PREFIX_PATH}:/home/hashaam/Documents/triton/install/triton_teleop:/home/hashaam/Documents/triton/install/triton_pipeline:/home/hashaam/Documents/triton/install/triton_bringup:/opt/ros/foxy /usr/bin/cmake --build /home/hashaam/Documents/software-start-here/build/challenge -- -j16 -l16
[1.012s] Invoked command in '/home/hashaam/Documents/software-start-here/build/challenge' returned '0': CMAKE_PREFIX_PATH=${CMAKE_PREFIX_PATH}:/home/hashaam/Documents/triton/install/triton_teleop:/home/hashaam/Documents/triton/install/triton_pipeline:/home/hashaam/Documents/triton/install/triton_bringup:/opt/ros/foxy /usr/bin/cmake --build /home/hashaam/Documents/software-start-here/build/challenge -- -j16 -l16
[1.039s] Invoking command in '/home/hashaam/Documents/software-start-here/build/challenge': CMAKE_PREFIX_PATH=${CMAKE_PREFIX_PATH}:/home/hashaam/Documents/triton/install/triton_teleop:/home/hashaam/Documents/triton/install/triton_pipeline:/home/hashaam/Documents/triton/install/triton_bringup:/opt/ros/foxy /usr/bin/cmake --install /home/hashaam/Documents/software-start-here/build/challenge
[1.044s] -- Install configuration: ""
[1.044s] -- Installing: /home/hashaam/Documents/software-start-here/install/challenge/share/ament_index/resource_index/package_run_dependencies/challenge
[1.044s] -- Installing: /home/hashaam/Documents/software-start-here/install/challenge/share/ament_index/resource_index/parent_prefix_path/challenge
[1.044s] -- Installing: /home/hashaam/Documents/software-start-here/install/challenge/share/challenge/environment/ament_prefix_path.sh
[1.045s] -- Installing: /home/hashaam/Documents/software-start-here/install/challenge/share/challenge/environment/ament_prefix_path.dsv
[1.045s] -- Installing: /home/hashaam/Documents/software-start-here/install/challenge/share/challenge/environment/path.sh
[1.045s] -- Installing: /home/hashaam/Documents/software-start-here/install/challenge/share/challenge/environment/path.dsv
[1.045s] -- Installing: /home/hashaam/Documents/software-start-here/install/challenge/share/challenge/local_setup.bash
[1.045s] -- Installing: /home/hashaam/Documents/software-start-here/install/challenge/share/challenge/local_setup.sh
[1.045s] -- Installing: /home/hashaam/Documents/software-start-here/install/challenge/share/challenge/local_setup.zsh
[1.045s] -- Installing: /home/hashaam/Documents/software-start-here/install/challenge/share/challenge/local_setup.dsv
[1.045s] -- Installing: /home/hashaam/Documents/software-start-here/install/challenge/share/challenge/package.dsv
[1.045s] -- Installing: /home/hashaam/Documents/software-start-here/install/challenge/share/ament_index/resource_index/packages/challenge
[1.046s] -- Installing: /home/hashaam/Documents/software-start-here/install/challenge/share/challenge/cmake/challengeConfig.cmake
[1.046s] -- Installing: /home/hashaam/Documents/software-start-here/install/challenge/share/challenge/cmake/challengeConfig-version.cmake
[1.046s] -- Installing: /home/hashaam/Documents/software-start-here/install/challenge/share/challenge/package.xml
[1.047s] Invoked command in '/home/hashaam/Documents/software-start-here/build/challenge' returned '0': CMAKE_PREFIX_PATH=${CMAKE_PREFIX_PATH}:/home/hashaam/Documents/triton/install/triton_teleop:/home/hashaam/Documents/triton/install/triton_pipeline:/home/hashaam/Documents/triton/install/triton_bringup:/opt/ros/foxy /usr/bin/cmake --install /home/hashaam/Documents/software-start-here/build/challenge
