[0.105s] Invoking command in '/home/hashaam/Documents/software-start-here/build/challenge': CMAKE_PREFIX_PATH=${CMAKE_PREFIX_PATH}:/home/hashaam/Documents/triton/install/triton_teleop:/home/hashaam/Documents/triton/install/triton_pipeline:/home/hashaam/Documents/triton/install/triton_bringup:/opt/ros/foxy /usr/bin/cmake --build /home/hashaam/Documents/software-start-here/build/challenge -- -j16 -l16
[0.168s] [35m[1mScanning dependencies of target solution[0m
[0.187s] [ 50%] [32mBuilding CXX object CMakeFiles/solution.dir/src/solution.cpp.o[0m
[1.456s] [100%] [32m[1mLinking CXX executable solution[0m
[1.531s] [100%] Built target solution
[1.544s] Invoked command in '/home/hashaam/Documents/software-start-here/build/challenge' returned '0': CMAKE_PREFIX_PATH=${CMAKE_PREFIX_PATH}:/home/hashaam/Documents/triton/install/triton_teleop:/home/hashaam/Documents/triton/install/triton_pipeline:/home/hashaam/Documents/triton/install/triton_bringup:/opt/ros/foxy /usr/bin/cmake --build /home/hashaam/Documents/software-start-here/build/challenge -- -j16 -l16
[1.596s] Invoking command in '/home/hashaam/Documents/software-start-here/build/challenge': CMAKE_PREFIX_PATH=${CMAKE_PREFIX_PATH}:/home/hashaam/Documents/triton/install/triton_teleop:/home/hashaam/Documents/triton/install/triton_pipeline:/home/hashaam/Documents/triton/install/triton_bringup:/opt/ros/foxy /usr/bin/cmake --install /home/hashaam/Documents/software-start-here/build/challenge
[1.601s] -- Install configuration: ""
[1.601s] -- Installing: /home/hashaam/Documents/software-start-here/install/challenge/lib/challenge/solution
[1.601s] -- Set runtime path of "/home/hashaam/Documents/software-start-here/install/challenge/lib/challenge/solution" to ""
[1.601s] -- Installing: /home/hashaam/Documents/software-start-here/install/challenge/share/ament_index/resource_index/package_run_dependencies/challenge
[1.601s] -- Installing: /home/hashaam/Documents/software-start-here/install/challenge/share/ament_index/resource_index/parent_prefix_path/challenge
[1.601s] -- Up-to-date: /home/hashaam/Documents/software-start-here/install/challenge/share/challenge/environment/ament_prefix_path.sh
[1.601s] -- Installing: /home/hashaam/Documents/software-start-here/install/challenge/share/challenge/environment/ament_prefix_path.dsv
[1.601s] -- Up-to-date: /home/hashaam/Documents/software-start-here/install/challenge/share/challenge/environment/path.sh
[1.601s] -- Installing: /home/hashaam/Documents/software-start-here/install/challenge/share/challenge/environment/path.dsv
[1.601s] -- Installing: /home/hashaam/Documents/software-start-here/install/challenge/share/challenge/local_setup.bash
[1.601s] -- Installing: /home/hashaam/Documents/software-start-here/install/challenge/share/challenge/local_setup.sh
[1.601s] -- Installing: /home/hashaam/Documents/software-start-here/install/challenge/share/challenge/local_setup.zsh
[1.602s] -- Installing: /home/hashaam/Documents/software-start-here/install/challenge/share/challenge/local_setup.dsv
[1.602s] -- Installing: /home/hashaam/Documents/software-start-here/install/challenge/share/challenge/package.dsv
[1.602s] -- Installing: /home/hashaam/Documents/software-start-here/install/challenge/share/ament_index/resource_index/packages/challenge
[1.602s] -- Installing: /home/hashaam/Documents/software-start-here/install/challenge/share/challenge/cmake/challengeConfig.cmake
[1.602s] -- Installing: /home/hashaam/Documents/software-start-here/install/challenge/share/challenge/cmake/challengeConfig-version.cmake
[1.602s] -- Installing: /home/hashaam/Documents/software-start-here/install/challenge/share/challenge/package.xml
[1.603s] Invoked command in '/home/hashaam/Documents/software-start-here/build/challenge' returned '0': CMAKE_PREFIX_PATH=${CMAKE_PREFIX_PATH}:/home/hashaam/Documents/triton/install/triton_teleop:/home/hashaam/Documents/triton/install/triton_pipeline:/home/hashaam/Documents/triton/install/triton_bringup:/opt/ros/foxy /usr/bin/cmake --install /home/hashaam/Documents/software-start-here/build/challenge
