[1.667s] DEBUG:colcon:Command line arguments: ['/usr/bin/colcon', 'build']
[1.667s] DEBUG:colcon:Parsed command line arguments: Namespace(allow_overriding=[], ament_cmake_args=None, base_paths=['.'], build_base='build', catkin_cmake_args=None, catkin_skip_building_tests=False, cmake_args=None, cmake_clean_cache=False, cmake_clean_first=False, cmake_force_configure=False, cmake_target=None, cmake_target_skip_unavailable=False, continue_on_error=False, event_handlers=None, executor='parallel', ignore_user_meta=False, install_base='install', log_base=None, log_level=None, main=<bound method BuildVerb.main of <colcon_core.verb.build.BuildVerb object at 0x7f76d1346c70>>, merge_install=False, metas=['./colcon.meta'], packages_above=None, packages_above_and_dependencies=None, packages_above_depth=None, packages_end=None, packages_ignore=None, packages_ignore_regex=None, packages_select=None, packages_select_build_failed=False, packages_select_by_dep=None, packages_select_regex=None, packages_select_test_failures=False, packages_skip=None, packages_skip_build_finished=False, packages_skip_by_dep=None, packages_skip_regex=None, packages_skip_test_passed=False, packages_skip_up_to=None, packages_start=None, packages_up_to=None, packages_up_to_regex=None, parallel_workers=16, paths=None, symlink_install=False, test_result_base=None, verb_extension=<colcon_core.verb.build.BuildVerb object at 0x7f76d1346c70>, verb_name='build', verb_parser=<colcon_defaults.argument_parser.defaults.DefaultArgumentsDecorator object at 0x7f76d12badf0>)
[1.744s] Level 1:colcon.colcon_core.package_discovery:discover_packages(colcon_meta) check parameters
[1.745s] Level 1:colcon.colcon_core.package_discovery:discover_packages(recursive) check parameters
[1.745s] Level 1:colcon.colcon_core.package_discovery:discover_packages(ignore) check parameters
[1.745s] Level 1:colcon.colcon_core.package_discovery:discover_packages(path) check parameters
[1.745s] Level 1:colcon.colcon_core.package_discovery:discover_packages(colcon_meta) discover
[1.745s] Level 1:colcon.colcon_core.package_discovery:discover_packages(recursive) discover
[1.745s] INFO:colcon.colcon_core.package_discovery:Crawling recursively for packages in '/home/hashaam/Documents/software-start-here'
[1.745s] Level 1:colcon.colcon_core.package_identification:_identify(.) by extensions ['ignore', 'ignore_ament_install']
[1.745s] Level 1:colcon.colcon_core.package_identification:_identify(.) by extension 'ignore'
[1.745s] Level 1:colcon.colcon_core.package_identification:_identify(.) by extension 'ignore_ament_install'
[1.745s] Level 1:colcon.colcon_core.package_identification:_identify(.) by extensions ['colcon_pkg']
[1.745s] Level 1:colcon.colcon_core.package_identification:_identify(.) by extension 'colcon_pkg'
[1.745s] Level 1:colcon.colcon_core.package_identification:_identify(.) by extensions ['colcon_meta']
[1.745s] Level 1:colcon.colcon_core.package_identification:_identify(.) by extension 'colcon_meta'
[1.745s] Level 1:colcon.colcon_core.package_identification:_identify(.) by extensions ['ros']
[1.745s] Level 1:colcon.colcon_core.package_identification:_identify(.) by extension 'ros'
[1.755s] Level 1:colcon.colcon_core.package_identification:_identify(.) by extensions ['cmake', 'python']
[1.755s] Level 1:colcon.colcon_core.package_identification:_identify(.) by extension 'cmake'
[1.755s] Level 1:colcon.colcon_core.package_identification:_identify(.) by extension 'python'
[1.755s] Level 1:colcon.colcon_core.package_identification:_identify(.) by extensions ['python_setup_py']
[1.755s] Level 1:colcon.colcon_core.package_identification:_identify(.) by extension 'python_setup_py'
[1.755s] Level 1:colcon.colcon_core.package_identification:_identify(build) by extensions ['ignore', 'ignore_ament_install']
[1.755s] Level 1:colcon.colcon_core.package_identification:_identify(build) by extension 'ignore'
[1.755s] Level 1:colcon.colcon_core.package_identification:_identify(build) ignored
[1.756s] Level 1:colcon.colcon_core.package_identification:_identify(install) by extensions ['ignore', 'ignore_ament_install']
[1.756s] Level 1:colcon.colcon_core.package_identification:_identify(install) by extension 'ignore'
[1.756s] Level 1:colcon.colcon_core.package_identification:_identify(install) ignored
[1.756s] Level 1:colcon.colcon_core.package_identification:_identify(log) by extensions ['ignore', 'ignore_ament_install']
[1.756s] Level 1:colcon.colcon_core.package_identification:_identify(log) by extension 'ignore'
[1.756s] Level 1:colcon.colcon_core.package_identification:_identify(log) ignored
[1.756s] Level 1:colcon.colcon_core.package_identification:_identify(src) by extensions ['ignore', 'ignore_ament_install']
[1.756s] Level 1:colcon.colcon_core.package_identification:_identify(src) by extension 'ignore'
[1.756s] Level 1:colcon.colcon_core.package_identification:_identify(src) by extension 'ignore_ament_install'
[1.756s] Level 1:colcon.colcon_core.package_identification:_identify(src) by extensions ['colcon_pkg']
[1.756s] Level 1:colcon.colcon_core.package_identification:_identify(src) by extension 'colcon_pkg'
[1.756s] Level 1:colcon.colcon_core.package_identification:_identify(src) by extensions ['colcon_meta']
[1.756s] Level 1:colcon.colcon_core.package_identification:_identify(src) by extension 'colcon_meta'
[1.756s] Level 1:colcon.colcon_core.package_identification:_identify(src) by extensions ['ros']
[1.756s] Level 1:colcon.colcon_core.package_identification:_identify(src) by extension 'ros'
[1.756s] Level 1:colcon.colcon_core.package_identification:_identify(src) by extensions ['cmake', 'python']
[1.756s] Level 1:colcon.colcon_core.package_identification:_identify(src) by extension 'cmake'
[1.756s] Level 1:colcon.colcon_core.package_identification:_identify(src) by extension 'python'
[1.756s] Level 1:colcon.colcon_core.package_identification:_identify(src) by extensions ['python_setup_py']
[1.756s] Level 1:colcon.colcon_core.package_identification:_identify(src) by extension 'python_setup_py'
[1.757s] Level 1:colcon.colcon_core.package_identification:_identify(src/challenge) by extensions ['ignore', 'ignore_ament_install']
[1.757s] Level 1:colcon.colcon_core.package_identification:_identify(src/challenge) by extension 'ignore'
[1.757s] Level 1:colcon.colcon_core.package_identification:_identify(src/challenge) by extension 'ignore_ament_install'
[1.757s] Level 1:colcon.colcon_core.package_identification:_identify(src/challenge) by extensions ['colcon_pkg']
[1.757s] Level 1:colcon.colcon_core.package_identification:_identify(src/challenge) by extension 'colcon_pkg'
[1.757s] Level 1:colcon.colcon_core.package_identification:_identify(src/challenge) by extensions ['colcon_meta']
[1.757s] Level 1:colcon.colcon_core.package_identification:_identify(src/challenge) by extension 'colcon_meta'
[1.757s] Level 1:colcon.colcon_core.package_identification:_identify(src/challenge) by extensions ['ros']
[1.757s] Level 1:colcon.colcon_core.package_identification:_identify(src/challenge) by extension 'ros'
[1.759s] DEBUG:colcon.colcon_core.package_identification:Package 'src/challenge' with type 'ros.ament_cmake' and name 'challenge'
[1.759s] Level 1:colcon.colcon_core.package_discovery:discover_packages(recursive) using defaults
[1.760s] Level 1:colcon.colcon_core.package_discovery:discover_packages(ignore) discover
[1.760s] Level 1:colcon.colcon_core.package_discovery:discover_packages(ignore) using defaults
[1.760s] Level 1:colcon.colcon_core.package_discovery:discover_packages(path) discover
[1.760s] Level 1:colcon.colcon_core.package_discovery:discover_packages(path) using defaults
[1.911s] Level 1:colcon.colcon_core.package_discovery:discover_packages(prefix_path) check parameters
[1.911s] Level 1:colcon.colcon_core.package_discovery:discover_packages(prefix_path) discover
[1.982s] DEBUG:colcon.colcon_installed_package_information.package_discovery:Found 2 installed packages in /home/hashaam/Documents/software-start-here/install
[2.009s] DEBUG:colcon.colcon_installed_package_information.package_discovery:Found 8 installed packages in /home/hashaam/Documents/triton/install
[2.036s] DEBUG:colcon.colcon_installed_package_information.package_discovery:Found 272 installed packages in /opt/ros/foxy
[2.037s] Level 1:colcon.colcon_core.package_discovery:discover_packages(prefix_path) using defaults
[2.148s] Level 5:colcon.colcon_core.verb:set package 'challenge' build argument 'cmake_args' from command line to 'None'
[2.148s] Level 5:colcon.colcon_core.verb:set package 'challenge' build argument 'cmake_target' from command line to 'None'
[2.148s] Level 5:colcon.colcon_core.verb:set package 'challenge' build argument 'cmake_target_skip_unavailable' from command line to 'False'
[2.148s] Level 5:colcon.colcon_core.verb:set package 'challenge' build argument 'cmake_clean_cache' from command line to 'False'
[2.148s] Level 5:colcon.colcon_core.verb:set package 'challenge' build argument 'cmake_clean_first' from command line to 'False'
[2.148s] Level 5:colcon.colcon_core.verb:set package 'challenge' build argument 'cmake_force_configure' from command line to 'False'
[2.148s] Level 5:colcon.colcon_core.verb:set package 'challenge' build argument 'ament_cmake_args' from command line to 'None'
[2.148s] Level 5:colcon.colcon_core.verb:set package 'challenge' build argument 'catkin_cmake_args' from command line to 'None'
[2.148s] Level 5:colcon.colcon_core.verb:set package 'challenge' build argument 'catkin_skip_building_tests' from command line to 'False'
[2.148s] DEBUG:colcon.colcon_core.verb:Building package 'challenge' with the following arguments: {'ament_cmake_args': None, 'build_base': '/home/hashaam/Documents/software-start-here/build/challenge', 'catkin_cmake_args': None, 'catkin_skip_building_tests': False, 'cmake_args': None, 'cmake_clean_cache': False, 'cmake_clean_first': False, 'cmake_force_configure': False, 'cmake_target': None, 'cmake_target_skip_unavailable': False, 'install_base': '/home/hashaam/Documents/software-start-here/install/challenge', 'merge_install': False, 'path': '/home/hashaam/Documents/software-start-here/src/challenge', 'symlink_install': False, 'test_result_base': None}
[2.174s] INFO:colcon.colcon_core.executor:Executing jobs using 'parallel' executor
[2.201s] DEBUG:colcon.colcon_parallel_executor.executor.parallel:run_until_complete
[2.201s] INFO:colcon.colcon_ros.task.ament_cmake.build:Building ROS package in '/home/hashaam/Documents/software-start-here/src/challenge' with build type 'ament_cmake'
[2.201s] INFO:colcon.colcon_cmake.task.cmake.build:Building CMake package in '/home/hashaam/Documents/software-start-here/src/challenge'
[2.230s] INFO:colcon.colcon_core.plugin_system:Skipping extension 'colcon_core.shell.bat': Not used on non-Windows systems
[2.230s] INFO:colcon.colcon_core.shell:Skip shell extension 'powershell' for command environment: Not usable outside of PowerShell
[2.230s] DEBUG:colcon.colcon_core.shell:Skip shell extension 'dsv' for command environment
[2.374s] DEBUG:colcon.colcon_core.event_handler.log_command:Invoking command in '/home/hashaam/Documents/software-start-here/build/challenge': CMAKE_PREFIX_PATH=${CMAKE_PREFIX_PATH}:/home/hashaam/Documents/triton/install/triton_teleop:/home/hashaam/Documents/triton/install/triton_pipeline:/home/hashaam/Documents/triton/install/triton_bringup:/opt/ros/foxy /usr/bin/cmake --build /home/hashaam/Documents/software-start-here/build/challenge -- -j16 -l16
[5.396s] DEBUG:colcon.colcon_core.event_handler.log_command:Invoked command in '/home/hashaam/Documents/software-start-here/build/challenge' returned '0': CMAKE_PREFIX_PATH=${CMAKE_PREFIX_PATH}:/home/hashaam/Documents/triton/install/triton_teleop:/home/hashaam/Documents/triton/install/triton_pipeline:/home/hashaam/Documents/triton/install/triton_bringup:/opt/ros/foxy /usr/bin/cmake --build /home/hashaam/Documents/software-start-here/build/challenge -- -j16 -l16
[5.431s] DEBUG:colcon.colcon_core.event_handler.log_command:Invoking command in '/home/hashaam/Documents/software-start-here/build/challenge': CMAKE_PREFIX_PATH=${CMAKE_PREFIX_PATH}:/home/hashaam/Documents/triton/install/triton_teleop:/home/hashaam/Documents/triton/install/triton_pipeline:/home/hashaam/Documents/triton/install/triton_bringup:/opt/ros/foxy /usr/bin/cmake --install /home/hashaam/Documents/software-start-here/build/challenge
[5.442s] Level 1:colcon.colcon_core.environment:create_environment_scripts_only(challenge)
[5.443s] DEBUG:colcon.colcon_core.event_handler.log_command:Invoked command in '/home/hashaam/Documents/software-start-here/build/challenge' returned '0': CMAKE_PREFIX_PATH=${CMAKE_PREFIX_PATH}:/home/hashaam/Documents/triton/install/triton_teleop:/home/hashaam/Documents/triton/install/triton_pipeline:/home/hashaam/Documents/triton/install/triton_bringup:/opt/ros/foxy /usr/bin/cmake --install /home/hashaam/Documents/software-start-here/build/challenge
[5.475s] Level 1:colcon.colcon_core.environment:checking '/home/hashaam/Documents/software-start-here/install/challenge' for CMake module files
[5.476s] Level 1:colcon.colcon_core.environment:checking '/home/hashaam/Documents/software-start-here/install/challenge' for CMake config files
[5.476s] Level 1:colcon.colcon_core.shell:create_environment_hook('challenge', 'cmake_prefix_path')
[5.505s] INFO:colcon.colcon_core.shell:Creating environment hook '/home/hashaam/Documents/software-start-here/install/challenge/share/challenge/hook/cmake_prefix_path.ps1'
[5.505s] INFO:colcon.colcon_core.shell:Creating environment descriptor '/home/hashaam/Documents/software-start-here/install/challenge/share/challenge/hook/cmake_prefix_path.dsv'
[5.506s] INFO:colcon.colcon_core.shell:Creating environment hook '/home/hashaam/Documents/software-start-here/install/challenge/share/challenge/hook/cmake_prefix_path.sh'
[5.506s] Level 1:colcon.colcon_core.environment:checking '/home/hashaam/Documents/software-start-here/install/challenge/lib'
[5.506s] Level 1:colcon.colcon_core.environment:checking '/home/hashaam/Documents/software-start-here/install/challenge/bin'
[5.506s] Level 1:colcon.colcon_core.environment:checking '/home/hashaam/Documents/software-start-here/install/challenge/lib/pkgconfig/challenge.pc'
[5.507s] Level 1:colcon.colcon_core.environment:checking '/home/hashaam/Documents/software-start-here/install/challenge/lib/python3.8/site-packages'
[5.507s] Level 1:colcon.colcon_core.environment:checking '/home/hashaam/Documents/software-start-here/install/challenge/bin'
[5.536s] INFO:colcon.colcon_core.shell:Creating package script '/home/hashaam/Documents/software-start-here/install/challenge/share/challenge/package.ps1'
[5.537s] INFO:colcon.colcon_core.shell:Creating package descriptor '/home/hashaam/Documents/software-start-here/install/challenge/share/challenge/package.dsv'
[5.537s] INFO:colcon.colcon_core.shell:Creating package script '/home/hashaam/Documents/software-start-here/install/challenge/share/challenge/package.sh'
[5.538s] INFO:colcon.colcon_core.shell:Creating package script '/home/hashaam/Documents/software-start-here/install/challenge/share/challenge/package.bash'
[5.539s] INFO:colcon.colcon_core.shell:Creating package script '/home/hashaam/Documents/software-start-here/install/challenge/share/challenge/package.zsh'
[5.539s] Level 1:colcon.colcon_core.environment:create_file_with_runtime_dependencies(/home/hashaam/Documents/software-start-here/install/challenge/share/colcon-core/packages/challenge)
[5.592s] Level 1:colcon.colcon_core.environment:create_environment_scripts_only(challenge)
[5.622s] Level 1:colcon.colcon_core.environment:checking '/home/hashaam/Documents/software-start-here/install/challenge' for CMake module files
[5.622s] Level 1:colcon.colcon_core.environment:checking '/home/hashaam/Documents/software-start-here/install/challenge' for CMake config files
[5.622s] Level 1:colcon.colcon_core.shell:create_environment_hook('challenge', 'cmake_prefix_path')
[5.653s] INFO:colcon.colcon_core.shell:Creating environment hook '/home/hashaam/Documents/software-start-here/install/challenge/share/challenge/hook/cmake_prefix_path.ps1'
[5.654s] INFO:colcon.colcon_core.shell:Creating environment descriptor '/home/hashaam/Documents/software-start-here/install/challenge/share/challenge/hook/cmake_prefix_path.dsv'
[5.654s] INFO:colcon.colcon_core.shell:Creating environment hook '/home/hashaam/Documents/software-start-here/install/challenge/share/challenge/hook/cmake_prefix_path.sh'
[5.655s] Level 1:colcon.colcon_core.environment:checking '/home/hashaam/Documents/software-start-here/install/challenge/lib'
[5.655s] Level 1:colcon.colcon_core.environment:checking '/home/hashaam/Documents/software-start-here/install/challenge/bin'
[5.655s] Level 1:colcon.colcon_core.environment:checking '/home/hashaam/Documents/software-start-here/install/challenge/lib/pkgconfig/challenge.pc'
[5.655s] Level 1:colcon.colcon_core.environment:checking '/home/hashaam/Documents/software-start-here/install/challenge/lib/python3.8/site-packages'
[5.655s] Level 1:colcon.colcon_core.environment:checking '/home/hashaam/Documents/software-start-here/install/challenge/bin'
[5.685s] INFO:colcon.colcon_core.shell:Creating package script '/home/hashaam/Documents/software-start-here/install/challenge/share/challenge/package.ps1'
[5.686s] INFO:colcon.colcon_core.shell:Creating package descriptor '/home/hashaam/Documents/software-start-here/install/challenge/share/challenge/package.dsv'
[5.686s] INFO:colcon.colcon_core.shell:Creating package script '/home/hashaam/Documents/software-start-here/install/challenge/share/challenge/package.sh'
[5.686s] INFO:colcon.colcon_core.shell:Creating package script '/home/hashaam/Documents/software-start-here/install/challenge/share/challenge/package.bash'
[5.687s] INFO:colcon.colcon_core.shell:Creating package script '/home/hashaam/Documents/software-start-here/install/challenge/share/challenge/package.zsh'
[5.687s] Level 1:colcon.colcon_core.environment:create_file_with_runtime_dependencies(/home/hashaam/Documents/software-start-here/install/challenge/share/colcon-core/packages/challenge)
[5.687s] DEBUG:colcon.colcon_parallel_executor.executor.parallel:closing loop
[5.688s] DEBUG:colcon.colcon_parallel_executor.executor.parallel:loop closed
[5.688s] DEBUG:colcon.colcon_parallel_executor.executor.parallel:run_until_complete finished with '0'
[5.688s] DEBUG:colcon.colcon_core.event_reactor:joining thread
[5.721s] INFO:colcon.colcon_core.plugin_system:Skipping extension 'colcon_notification.desktop_notification.terminal_notifier': Not used on non-Darwin systems
[5.722s] INFO:colcon.colcon_core.plugin_system:Skipping extension 'colcon_notification.desktop_notification.win32': Not used on non-Windows systems
[5.722s] INFO:colcon.colcon_notification.desktop_notification:Sending desktop notification using 'notify2'
[5.736s] DEBUG:colcon.colcon_core.event_reactor:joined thread
[5.767s] INFO:colcon.colcon_core.shell:Creating prefix script '/home/hashaam/Documents/software-start-here/install/local_setup.ps1'
[5.768s] INFO:colcon.colcon_core.shell:Creating prefix util module '/home/hashaam/Documents/software-start-here/install/_local_setup_util_ps1.py'
[5.768s] INFO:colcon.colcon_core.shell:Creating prefix chain script '/home/hashaam/Documents/software-start-here/install/setup.ps1'
[5.803s] INFO:colcon.colcon_core.shell:Creating prefix script '/home/hashaam/Documents/software-start-here/install/local_setup.sh'
[5.803s] INFO:colcon.colcon_core.shell:Creating prefix util module '/home/hashaam/Documents/software-start-here/install/_local_setup_util_sh.py'
[5.804s] INFO:colcon.colcon_core.shell:Creating prefix chain script '/home/hashaam/Documents/software-start-here/install/setup.sh'
[5.845s] INFO:colcon.colcon_core.shell:Creating prefix script '/home/hashaam/Documents/software-start-here/install/local_setup.bash'
[5.846s] INFO:colcon.colcon_core.shell:Creating prefix chain script '/home/hashaam/Documents/software-start-here/install/setup.bash'
[5.884s] INFO:colcon.colcon_core.shell:Creating prefix script '/home/hashaam/Documents/software-start-here/install/local_setup.zsh'
[5.885s] INFO:colcon.colcon_core.shell:Creating prefix chain script '/home/hashaam/Documents/software-start-here/install/setup.zsh'
