[0.160s] Invoking command in '/home/hashaam/Documents/software-start-here/build/challenge': CMAKE_PREFIX_PATH=${CMAKE_PREFIX_PATH}:/home/hashaam/Documents/triton/install/triton_teleop:/home/hashaam/Documents/triton/install/triton_pipeline:/home/hashaam/Documents/triton/install/triton_bringup:/opt/ros/foxy /usr/bin/cmake --build /home/hashaam/Documents/software-start-here/build/challenge -- -j16 -l16
[0.202s] [35m[1mScanning dependencies of target solution[0m
[0.225s] [ 50%] [32mBuilding CXX object CMakeFiles/solution.dir/src/solution.cpp.o[0m
[1.370s] [01m[K/home/hashaam/Documents/software-start-here/src/challenge/src/solution.cpp:[m[K In function ‘[01m[Kdouble sine_function(geometry_msgs::msg::Twist)[m[K’:
[1.370s] [01m[K/home/hashaam/Documents/software-start-here/src/challenge/src/solution.cpp:47:1:[m[K [01;35m[Kwarning: [m[Kno return statement in function returning non-void [[01;35m[K-Wreturn-type[m[K]
[1.370s]    47 | [01;35m[K}[m[K
[1.370s]       | [01;35m[K^[m[K
[1.370s] [01m[K/home/hashaam/Documents/software-start-here/src/challenge/src/solution.cpp:43:48:[m[K [01;35m[Kwarning: [m[Kparameter ‘[01m[Ktwist_msg[m[K’ set but not used [[01;35m[K-Wunused-but-set-parameter[m[K]
[1.370s]    43 | double sine_function([01;35m[Kgeometry_msgs::msg::Twist twist_msg[m[K)
[1.370s]       |                      [01;35m[K~~~~~~~~~~~~~~~~~~~~~~~~~~^~~~~~~~~[m[K
[2.586s] [100%] [32m[1mLinking CXX executable solution[0m
[2.736s] [100%] Built target solution
[2.747s] Invoked command in '/home/hashaam/Documents/software-start-here/build/challenge' returned '0': CMAKE_PREFIX_PATH=${CMAKE_PREFIX_PATH}:/home/hashaam/Documents/triton/install/triton_teleop:/home/hashaam/Documents/triton/install/triton_pipeline:/home/hashaam/Documents/triton/install/triton_bringup:/opt/ros/foxy /usr/bin/cmake --build /home/hashaam/Documents/software-start-here/build/challenge -- -j16 -l16
[2.782s] Invoking command in '/home/hashaam/Documents/software-start-here/build/challenge': CMAKE_PREFIX_PATH=${CMAKE_PREFIX_PATH}:/home/hashaam/Documents/triton/install/triton_teleop:/home/hashaam/Documents/triton/install/triton_pipeline:/home/hashaam/Documents/triton/install/triton_bringup:/opt/ros/foxy /usr/bin/cmake --install /home/hashaam/Documents/software-start-here/build/challenge
[2.791s] -- Install configuration: ""
[2.791s] -- Installing: /home/hashaam/Documents/software-start-here/install/challenge/lib/challenge/solution
[2.792s] -- Set runtime path of "/home/hashaam/Documents/software-start-here/install/challenge/lib/challenge/solution" to ""
[2.792s] -- Up-to-date: /home/hashaam/Documents/software-start-here/install/challenge/share/ament_index/resource_index/package_run_dependencies/challenge
[2.792s] -- Up-to-date: /home/hashaam/Documents/software-start-here/install/challenge/share/ament_index/resource_index/parent_prefix_path/challenge
[2.792s] -- Up-to-date: /home/hashaam/Documents/software-start-here/install/challenge/share/challenge/environment/ament_prefix_path.sh
[2.792s] -- Up-to-date: /home/hashaam/Documents/software-start-here/install/challenge/share/challenge/environment/ament_prefix_path.dsv
[2.792s] -- Up-to-date: /home/hashaam/Documents/software-start-here/install/challenge/share/challenge/environment/path.sh
[2.792s] -- Up-to-date: /home/hashaam/Documents/software-start-here/install/challenge/share/challenge/environment/path.dsv
[2.792s] -- Up-to-date: /home/hashaam/Documents/software-start-here/install/challenge/share/challenge/local_setup.bash
[2.792s] -- Up-to-date: /home/hashaam/Documents/software-start-here/install/challenge/share/challenge/local_setup.sh
[2.792s] -- Up-to-date: /home/hashaam/Documents/software-start-here/install/challenge/share/challenge/local_setup.zsh
[2.792s] -- Up-to-date: /home/hashaam/Documents/software-start-here/install/challenge/share/challenge/local_setup.dsv
[2.792s] -- Installing: /home/hashaam/Documents/software-start-here/install/challenge/share/challenge/package.dsv
[2.792s] -- Up-to-date: /home/hashaam/Documents/software-start-here/install/challenge/share/ament_index/resource_index/packages/challenge
[2.792s] -- Up-to-date: /home/hashaam/Documents/software-start-here/install/challenge/share/challenge/cmake/challengeConfig.cmake
[2.792s] -- Up-to-date: /home/hashaam/Documents/software-start-here/install/challenge/share/challenge/cmake/challengeConfig-version.cmake
[2.793s] -- Up-to-date: /home/hashaam/Documents/software-start-here/install/challenge/share/challenge/package.xml
[2.794s] Invoked command in '/home/hashaam/Documents/software-start-here/build/challenge' returned '0': CMAKE_PREFIX_PATH=${CMAKE_PREFIX_PATH}:/home/hashaam/Documents/triton/install/triton_teleop:/home/hashaam/Documents/triton/install/triton_pipeline:/home/hashaam/Documents/triton/install/triton_bringup:/opt/ros/foxy /usr/bin/cmake --install /home/hashaam/Documents/software-start-here/build/challenge
